<?xml version="1.0" encoding="UTF-8"?>
<testsuite name="fotius.example.todo.TodoListTest" tests="1" skipped="0" failures="0" errors="0" timestamp="2023-05-23T12:09:33" hostname="DESKTOP-BQAKI4A" time="0.016">
  <properties/>
  <testcase name="newlyCreatedListHasNoItemsInIt()" classname="fotius.example.todo.TodoListTest" time="0.016"/>
  <system-out><![CDATA[]]></system-out>
  <system-err><![CDATA[]]></system-err>
</testsuite>
